C51 COMPILER V9.01   TIMER                                                                 02/20/2017 15:30:13 PAGE 1   


C51 COMPILER V9.01, COMPILATION OF MODULE TIMER
OBJECT MODULE PLACED IN .\Timer.obj
COMPILER INVOKED BY: D:\Program Files (x86)\Keil_v5\C51\BIN\C51.EXE ..\Src\Timer.c BROWSE INCDIR(..\Src) DEBUG OBJECTEXT
                    -END PRINT(.\Timer.lst) OBJECT(.\Timer.obj)

line level    source

   1          // 文件名 ：Timer.c
   2          // 作者   : 赵成华 陈统 何立邦
   3          // 日期   : 2017年 2月 15日
   4          
   5          #include "Timer.h"
   6          
   7          // 函数名 ：定时器初始化函数
   8          // 参数   ：无 
   9          // 返回值 ：无
  10          // 注释   : 为参考手册 上机需要检测
  11          
  12          void Init_Timer (void)
  13          {
  14   1              EA = 0;                                                                                 // 关闭总中断   
  15   1              
  16   1              TH0 = TIMER0_ORG;                                                       // 给定时器0装初值，11.0594M晶振定时时间为62.5ms
  17   1              TL0 = 0X00;
  18   1              TR0 = 1;                                                                        // 开闭定时器0
  19   1              ET0 = 1;                                                                        // 开定时器0中断
  20   1              
  21   1              IT0 = 1;                                                                        // 下降沿触发
  22   1              IT1 = 1;                                                                        // 下降沿触发
  23   1              EX0 = 1;                                                                        // 开外部中断0
  24   1              EX1 = 1;                                                                        // 开外部中断1
  25   1              
  26   1              EA = 1;                                                                         // 开总中断
  27   1      }
  28          
  29          // 函数名 ：定时器0中断函数
  30          // 参数   ：无 
  31          // 返回值 ：无
  32          // 注释   : 无
  33          
  34          void Timer0() interrupt 1 
  35          {
  36   1      
  37   1              if(!upCheck)
  38   1              {
  39   2                      upm=1;
  40   2              }
  41   1              if(!dnCheck)
  42   1              {
  43   2                  dnm=1;
  44   2              }    
  45   1              TH0 = TIMER0_ORG;                                                       // 给定时器0装初值，11.0594M晶振定时时间为62.5ms
  46   1              TL0 = 0X00;
  47   1              
  48   1              // 计时器0的意义 
  49   1              myTime.Counter[0] ++ ;                                                  // 喂狗计时器
  50   1              myTime.Counter[1] ++ ;                                                  // 秒计时器
  51   1              
  52   1              if( TIME_DOG == myTime.Counter[0] )                             // 常量作为左值提高代码的容错性
  53   1              {
  54   2                      WDT_CONTR = 0x3c;                                                                                               // 250ms喂狗
C51 COMPILER V9.01   TIMER                                                                 02/20/2017 15:30:13 PAGE 2   

  55   2                      myTime.Counter[0]=0;                                                                            //      
  56   2              }
  57   1              
  58   1              if( TIME_SEC == myTime.Counter[1] )                             // 毫秒计时器 62.5ms
  59   1              {
  60   2                      myTime.Counter[1] = 0 ; 
  61   2                      myTime.Counter[2] ++ ;                                                                  // 秒计数器计数
  62   2                      
  63   2                      // 此处可以申请1秒事件
  64   2              }
  65   1              
  66   1              if( TIME_MIN == myTime.Counter[2] )                             
  67   1              {
  68   2                      myTime.Counter[2] = 0 ; 
  69   2                      // 此处可以申请1分钟事件
  70   2                      SendMsg[3] -- ;                                                                                         // 一分钟倒计时 
  71   2                      
  72   2                      if( 0 == SendMsg[3] )
  73   2                      {
  74   3                              myEvnt.Bit.IsPOWER_OFF = true ;                         // 申请关机 
  75   3                              SendMsg[0] = SendMsg[0] & (~0x01) ;
  76   3                      }
  77   2              }
  78   1              
  79   1      }
  80          
  81          // 函数名 ：外部中断0函数
  82          // 参数   ：无 
  83          // 返回值 ：无
  84          // 注释   : 无
  85          
  86          void ext0() interrupt 0 
  87          {
  88   1              myMassage.CycleUpDown ++ ;
  89   1       }
  90          
  91          
  92          // 函数名 ：外部中断1函数
  93          // 参数   ：无 
  94          // 返回值 ：无
  95          // 注释   : 无
  96          void ext1() interrupt 2 
  97          {
  98   1              myMassage.AngleCount ++ ;
  99   1              
 100   1              if( 0 == mda_pin )
 101   1              {
 102   2                      myMassage.CycleKne ++ ;
 103   2                      myMassage.AngleCount = 0;
 104   2                      //msg[3]--;
 105   2              }
 106   1      }
 107          


MODULE INFORMATION:   STATIC OVERLAYABLE
   CODE SIZE        =    136    ----
   CONSTANT SIZE    =   ----    ----
   XDATA SIZE       =   ----    ----
   PDATA SIZE       =   ----    ----
   DATA SIZE        =   ----    ----
   IDATA SIZE       =   ----    ----
C51 COMPILER V9.01   TIMER                                                                 02/20/2017 15:30:13 PAGE 3   

   BIT SIZE         =   ----    ----
END OF MODULE INFORMATION.


C51 COMPILATION COMPLETE.  0 WARNING(S),  0 ERROR(S)
